[2023-04-02 22:46:08,858] INFO [org.hibernate.Version: 44] HHH000412: Hibernate ORM core version 5.6.15.Final
[2023-04-02 22:46:11,203] INFO [org.hibernate.annotations.common.Version: 56] HCANN000001: Hibernate Commons Annotations {5.1.2.Final}
[2023-04-02 22:46:12,257] WARN [org.hibernate.orm.connections.pooling: 75] HHH10001002: Using Hibernate built-in connection pool (not for production use!)
[2023-04-02 22:46:12,266] INFO [org.hibernate.orm.connections.pooling: 119] HHH10001005: using driver [org.postgresql.Driver] at URL [jdbc:postgresql://localhost:5432/postgres]
[2023-04-02 22:46:12,266] INFO [org.hibernate.orm.connections.pooling: 128] HHH10001001: Connection properties: {password=****, user=postgres}
[2023-04-02 22:46:12,267] INFO [org.hibernate.orm.connections.pooling: 132] HHH10001003: Autocommit mode: false
[2023-04-02 22:46:12,324] INFO [org.hibernate.engine.jdbc.connections.internal.DriverManagerConnectionProviderImpl: 322] HHH000115: Hibernate connection pool size: 20 (min=1)
[2023-04-02 22:46:13,672] INFO [org.hibernate.dialect.Dialect: 175] HHH000400: Using dialect: org.hibernate.dialect.PostgreSQL10Dialect
[2023-04-02 22:46:15,634] INFO [org.hibernate.orm.connections.pooling: 550] HHH10001008: Cleaning up connection pool [jdbc:postgresql://localhost:5432/postgres]
[2023-04-02 22:46:44,128] INFO [org.hibernate.Version: 44] HHH000412: Hibernate ORM core version 5.6.15.Final
[2023-04-02 22:46:44,818] INFO [org.hibernate.annotations.common.Version: 56] HCANN000001: Hibernate Commons Annotations {5.1.2.Final}
[2023-04-02 22:46:45,100] WARN [org.hibernate.orm.connections.pooling: 75] HHH10001002: Using Hibernate built-in connection pool (not for production use!)
[2023-04-02 22:46:45,106] INFO [org.hibernate.orm.connections.pooling: 119] HHH10001005: using driver [org.postgresql.Driver] at URL [jdbc:postgresql://localhost:5432/postgres]
[2023-04-02 22:46:45,107] INFO [org.hibernate.orm.connections.pooling: 128] HHH10001001: Connection properties: {password=****, user=postgres}
[2023-04-02 22:46:45,107] INFO [org.hibernate.orm.connections.pooling: 132] HHH10001003: Autocommit mode: false
[2023-04-02 22:46:45,112] INFO [org.hibernate.engine.jdbc.connections.internal.DriverManagerConnectionProviderImpl: 322] HHH000115: Hibernate connection pool size: 20 (min=1)
[2023-04-02 22:46:45,476] INFO [org.hibernate.dialect.Dialect: 175] HHH000400: Using dialect: org.hibernate.dialect.PostgreSQL10Dialect
[2023-04-02 22:46:46,747] INFO [org.hibernate.orm.connections.pooling: 550] HHH10001008: Cleaning up connection pool [jdbc:postgresql://localhost:5432/postgres]
[2023-04-04 21:25:40,339] INFO [org.hibernate.Version: 44] HHH000412: Hibernate ORM core version 5.6.15.Final
[2023-04-04 21:25:41,547] INFO [org.hibernate.annotations.common.Version: 56] HCANN000001: Hibernate Commons Annotations {5.1.2.Final}
[2023-04-04 21:25:45,137] WARN [org.hibernate.orm.connections.pooling: 75] HHH10001002: Using Hibernate built-in connection pool (not for production use!)
[2023-04-04 21:25:45,144] INFO [org.hibernate.orm.connections.pooling: 119] HHH10001005: using driver [org.postgresql.Driver] at URL [jdbc:postgresql://localhost:5432/postgres]
[2023-04-04 21:25:45,145] INFO [org.hibernate.orm.connections.pooling: 128] HHH10001001: Connection properties: {password=****, user=postgres}
[2023-04-04 21:25:45,145] INFO [org.hibernate.orm.connections.pooling: 132] HHH10001003: Autocommit mode: false
[2023-04-04 21:25:45,161] INFO [org.hibernate.engine.jdbc.connections.internal.DriverManagerConnectionProviderImpl: 322] HHH000115: Hibernate connection pool size: 20 (min=1)
[2023-04-04 21:25:47,112] INFO [org.hibernate.dialect.Dialect: 175] HHH000400: Using dialect: org.hibernate.dialect.PostgreSQL10Dialect
[2023-04-04 21:25:49,368] INFO [org.hibernate.orm.connections.pooling: 550] HHH10001008: Cleaning up connection pool [jdbc:postgresql://localhost:5432/postgres]
[2023-04-04 21:58:11,535] INFO [org.hibernate.Version: 44] HHH000412: Hibernate ORM core version 5.6.15.Final
[2023-04-04 21:58:12,670] INFO [org.hibernate.annotations.common.Version: 56] HCANN000001: Hibernate Commons Annotations {5.1.2.Final}
[2023-04-04 21:58:13,275] WARN [org.hibernate.orm.connections.pooling: 75] HHH10001002: Using Hibernate built-in connection pool (not for production use!)
[2023-04-04 21:58:13,285] INFO [org.hibernate.orm.connections.pooling: 119] HHH10001005: using driver [org.postgresql.Driver] at URL [jdbc:postgresql://localhost:5432/postgres]
[2023-04-04 21:58:13,286] INFO [org.hibernate.orm.connections.pooling: 128] HHH10001001: Connection properties: {password=****, user=postgres}
[2023-04-04 21:58:13,286] INFO [org.hibernate.orm.connections.pooling: 132] HHH10001003: Autocommit mode: false
[2023-04-04 21:58:13,300] INFO [org.hibernate.engine.jdbc.connections.internal.DriverManagerConnectionProviderImpl: 322] HHH000115: Hibernate connection pool size: 20 (min=1)
[2023-04-04 21:58:14,118] INFO [org.hibernate.dialect.Dialect: 175] HHH000400: Using dialect: org.hibernate.dialect.PostgreSQL10Dialect
[2023-04-04 21:58:18,402] INFO [org.hibernate.orm.connections.pooling: 550] HHH10001008: Cleaning up connection pool [jdbc:postgresql://localhost:5432/postgres]
[2023-04-04 22:02:29,497] INFO [org.hibernate.Version: 44] HHH000412: Hibernate ORM core version 5.6.15.Final
[2023-04-04 22:02:30,156] INFO [org.hibernate.annotations.common.Version: 56] HCANN000001: Hibernate Commons Annotations {5.1.2.Final}
[2023-04-04 22:02:30,411] WARN [org.hibernate.orm.connections.pooling: 75] HHH10001002: Using Hibernate built-in connection pool (not for production use!)
[2023-04-04 22:02:30,417] INFO [org.hibernate.orm.connections.pooling: 119] HHH10001005: using driver [org.postgresql.Driver] at URL [jdbc:postgresql://localhost:5432/postgres]
[2023-04-04 22:02:30,418] INFO [org.hibernate.orm.connections.pooling: 128] HHH10001001: Connection properties: {password=****, user=postgres}
[2023-04-04 22:02:30,418] INFO [org.hibernate.orm.connections.pooling: 132] HHH10001003: Autocommit mode: false
[2023-04-04 22:02:30,425] INFO [org.hibernate.engine.jdbc.connections.internal.DriverManagerConnectionProviderImpl: 322] HHH000115: Hibernate connection pool size: 20 (min=1)
[2023-04-04 22:02:30,746] INFO [org.hibernate.dialect.Dialect: 175] HHH000400: Using dialect: org.hibernate.dialect.PostgreSQL10Dialect
[2023-04-04 22:02:32,058] INFO [org.hibernate.orm.connections.pooling: 550] HHH10001008: Cleaning up connection pool [jdbc:postgresql://localhost:5432/postgres]
[2023-04-04 22:02:51,234] INFO [org.hibernate.Version: 44] HHH000412: Hibernate ORM core version 5.6.15.Final
[2023-04-04 22:02:51,955] INFO [org.hibernate.annotations.common.Version: 56] HCANN000001: Hibernate Commons Annotations {5.1.2.Final}
[2023-04-04 22:02:52,260] WARN [org.hibernate.orm.connections.pooling: 75] HHH10001002: Using Hibernate built-in connection pool (not for production use!)
[2023-04-04 22:02:52,267] INFO [org.hibernate.orm.connections.pooling: 119] HHH10001005: using driver [org.postgresql.Driver] at URL [jdbc:postgresql://localhost:5432/postgres]
[2023-04-04 22:02:52,267] INFO [org.hibernate.orm.connections.pooling: 128] HHH10001001: Connection properties: {password=****, user=postgres}
[2023-04-04 22:02:52,268] INFO [org.hibernate.orm.connections.pooling: 132] HHH10001003: Autocommit mode: false
[2023-04-04 22:02:52,273] INFO [org.hibernate.engine.jdbc.connections.internal.DriverManagerConnectionProviderImpl: 322] HHH000115: Hibernate connection pool size: 20 (min=1)
[2023-04-04 22:02:52,632] INFO [org.hibernate.dialect.Dialect: 175] HHH000400: Using dialect: org.hibernate.dialect.PostgreSQL10Dialect
[2023-04-04 22:02:54,044] INFO [org.hibernate.orm.connections.pooling: 550] HHH10001008: Cleaning up connection pool [jdbc:postgresql://localhost:5432/postgres]
[2023-04-04 22:53:49,061] INFO [org.hibernate.Version: 44] HHH000412: Hibernate ORM core version 5.6.15.Final
[2023-04-04 22:53:50,397] INFO [org.hibernate.annotations.common.Version: 56] HCANN000001: Hibernate Commons Annotations {5.1.2.Final}
[2023-04-04 22:53:51,193] WARN [org.hibernate.orm.connections.pooling: 75] HHH10001002: Using Hibernate built-in connection pool (not for production use!)
[2023-04-04 22:53:51,223] INFO [org.hibernate.orm.connections.pooling: 119] HHH10001005: using driver [org.postgresql.Driver] at URL [jdbc:postgresql://localhost:5432/postgres]
[2023-04-04 22:53:51,223] INFO [org.hibernate.orm.connections.pooling: 128] HHH10001001: Connection properties: {password=****, user=postgres}
[2023-04-04 22:53:51,224] INFO [org.hibernate.orm.connections.pooling: 132] HHH10001003: Autocommit mode: false
[2023-04-04 22:53:51,245] INFO [org.hibernate.engine.jdbc.connections.internal.DriverManagerConnectionProviderImpl: 322] HHH000115: Hibernate connection pool size: 20 (min=1)
[2023-04-04 22:53:52,397] INFO [org.hibernate.dialect.Dialect: 175] HHH000400: Using dialect: org.hibernate.dialect.PostgreSQL10Dialect
[2023-04-04 22:53:53,574] INFO [org.hibernate.orm.connections.pooling: 550] HHH10001008: Cleaning up connection pool [jdbc:postgresql://localhost:5432/postgres]
[2023-04-04 22:59:23,549] INFO [org.hibernate.Version: 44] HHH000412: Hibernate ORM core version 5.6.15.Final
[2023-04-04 22:59:24,313] INFO [org.hibernate.annotations.common.Version: 56] HCANN000001: Hibernate Commons Annotations {5.1.2.Final}
[2023-04-04 22:59:24,603] WARN [org.hibernate.orm.connections.pooling: 75] HHH10001002: Using Hibernate built-in connection pool (not for production use!)
[2023-04-04 22:59:24,608] INFO [org.hibernate.orm.connections.pooling: 119] HHH10001005: using driver [org.postgresql.Driver] at URL [jdbc:postgresql://localhost:5432/postgres]
[2023-04-04 22:59:24,609] INFO [org.hibernate.orm.connections.pooling: 128] HHH10001001: Connection properties: {password=****, user=postgres}
[2023-04-04 22:59:24,610] INFO [org.hibernate.orm.connections.pooling: 132] HHH10001003: Autocommit mode: false
[2023-04-04 22:59:24,615] INFO [org.hibernate.engine.jdbc.connections.internal.DriverManagerConnectionProviderImpl: 322] HHH000115: Hibernate connection pool size: 20 (min=1)
[2023-04-04 22:59:24,916] INFO [org.hibernate.dialect.Dialect: 175] HHH000400: Using dialect: org.hibernate.dialect.PostgreSQL10Dialect
[2023-04-04 22:59:25,904] INFO [org.hibernate.orm.connections.pooling: 550] HHH10001008: Cleaning up connection pool [jdbc:postgresql://localhost:5432/postgres]
[2023-04-04 23:27:50,138] INFO [org.hibernate.Version: 44] HHH000412: Hibernate ORM core version 5.6.15.Final
[2023-04-04 23:27:51,331] INFO [org.hibernate.annotations.common.Version: 56] HCANN000001: Hibernate Commons Annotations {5.1.2.Final}
[2023-04-04 23:27:52,953] WARN [org.hibernate.orm.connections.pooling: 75] HHH10001002: Using Hibernate built-in connection pool (not for production use!)
[2023-04-04 23:27:53,502] INFO [org.hibernate.orm.connections.pooling: 119] HHH10001005: using driver [org.postgresql.Driver] at URL [jdbc:postgresql://localhost:5432/postgres]
[2023-04-04 23:27:53,503] INFO [org.hibernate.orm.connections.pooling: 128] HHH10001001: Connection properties: {password=****, user=postgres}
[2023-04-04 23:27:53,503] INFO [org.hibernate.orm.connections.pooling: 132] HHH10001003: Autocommit mode: false
[2023-04-04 23:27:53,554] INFO [org.hibernate.engine.jdbc.connections.internal.DriverManagerConnectionProviderImpl: 322] HHH000115: Hibernate connection pool size: 20 (min=1)
[2023-04-04 23:27:56,321] INFO [org.hibernate.dialect.Dialect: 175] HHH000400: Using dialect: org.hibernate.dialect.PostgreSQL10Dialect
[2023-04-04 23:27:59,294] INFO [org.hibernate.orm.connections.pooling: 550] HHH10001008: Cleaning up connection pool [jdbc:postgresql://localhost:5432/postgres]
[2023-04-04 23:59:11,483] INFO [org.hibernate.Version: 44] HHH000412: Hibernate ORM core version 5.6.15.Final
[2023-04-04 23:59:12,579] INFO [org.hibernate.annotations.common.Version: 56] HCANN000001: Hibernate Commons Annotations {5.1.2.Final}
[2023-04-04 23:59:13,151] WARN [org.hibernate.orm.connections.pooling: 75] HHH10001002: Using Hibernate built-in connection pool (not for production use!)
[2023-04-04 23:59:13,189] INFO [org.hibernate.orm.connections.pooling: 119] HHH10001005: using driver [org.postgresql.Driver] at URL [jdbc:postgresql://localhost:5432/postgres]
[2023-04-04 23:59:13,190] INFO [org.hibernate.orm.connections.pooling: 128] HHH10001001: Connection properties: {password=****, user=postgres}
[2023-04-04 23:59:13,190] INFO [org.hibernate.orm.connections.pooling: 132] HHH10001003: Autocommit mode: false
[2023-04-04 23:59:13,199] INFO [org.hibernate.engine.jdbc.connections.internal.DriverManagerConnectionProviderImpl: 322] HHH000115: Hibernate connection pool size: 20 (min=1)
[2023-04-04 23:59:17,019] INFO [org.hibernate.dialect.Dialect: 175] HHH000400: Using dialect: org.hibernate.dialect.PostgreSQL10Dialect
[2023-04-04 23:59:20,349] INFO [org.hibernate.orm.connections.pooling: 550] HHH10001008: Cleaning up connection pool [jdbc:postgresql://localhost:5432/postgres]
[2023-04-05 00:12:45,513] INFO [org.hibernate.Version: 44] HHH000412: Hibernate ORM core version 5.6.15.Final
[2023-04-05 00:12:46,661] INFO [org.hibernate.annotations.common.Version: 56] HCANN000001: Hibernate Commons Annotations {5.1.2.Final}
[2023-04-05 00:12:47,248] WARN [org.hibernate.orm.connections.pooling: 75] HHH10001002: Using Hibernate built-in connection pool (not for production use!)
[2023-04-05 00:12:47,256] INFO [org.hibernate.orm.connections.pooling: 119] HHH10001005: using driver [org.postgresql.Driver] at URL [jdbc:postgresql://localhost:5432/postgres]
[2023-04-05 00:12:47,256] INFO [org.hibernate.orm.connections.pooling: 128] HHH10001001: Connection properties: {password=****, user=postgres}
[2023-04-05 00:12:47,256] INFO [org.hibernate.orm.connections.pooling: 132] HHH10001003: Autocommit mode: false
[2023-04-05 00:12:47,269] INFO [org.hibernate.engine.jdbc.connections.internal.DriverManagerConnectionProviderImpl: 322] HHH000115: Hibernate connection pool size: 20 (min=1)
[2023-04-05 00:12:48,299] INFO [org.hibernate.dialect.Dialect: 175] HHH000400: Using dialect: org.hibernate.dialect.PostgreSQL10Dialect
[2023-04-05 00:12:48,906] INFO [org.hibernate.validator.internal.util.Version: 21] HV000001: Hibernate Validator 6.0.22.Final
[2023-04-05 00:12:51,129] WARN [org.hibernate.engine.jdbc.spi.SqlExceptionHelper: 137] SQL Error: 0, SQLState: 23502
[2023-04-05 00:12:51,129] ERROR [org.hibernate.engine.jdbc.spi.SqlExceptionHelper: 142] ERROR: null value in column "name" of relation "gift_certificate" violates not-null constraint
  Подробности: Failing row contains (9, null, gift certificate vai-vai-vai, 100500.00, 2023-04-05 00:12:50.839941, 2023-04-05 00:12:50.839941, 1296000000000000).
[2023-04-05 00:12:51,141] INFO [org.hibernate.orm.connections.pooling: 550] HHH10001008: Cleaning up connection pool [jdbc:postgresql://localhost:5432/postgres]
[2023-04-05 00:15:43,549] INFO [org.hibernate.Version: 44] HHH000412: Hibernate ORM core version 5.6.15.Final
[2023-04-05 00:15:44,742] INFO [org.hibernate.annotations.common.Version: 56] HCANN000001: Hibernate Commons Annotations {5.1.2.Final}
[2023-04-05 00:15:45,358] WARN [org.hibernate.orm.connections.pooling: 75] HHH10001002: Using Hibernate built-in connection pool (not for production use!)
[2023-04-05 00:15:45,368] INFO [org.hibernate.orm.connections.pooling: 119] HHH10001005: using driver [org.postgresql.Driver] at URL [jdbc:postgresql://localhost:5432/postgres]
[2023-04-05 00:15:45,368] INFO [org.hibernate.orm.connections.pooling: 128] HHH10001001: Connection properties: {password=****, user=postgres}
[2023-04-05 00:15:45,368] INFO [org.hibernate.orm.connections.pooling: 132] HHH10001003: Autocommit mode: false
[2023-04-05 00:15:45,384] INFO [org.hibernate.engine.jdbc.connections.internal.DriverManagerConnectionProviderImpl: 322] HHH000115: Hibernate connection pool size: 20 (min=1)
[2023-04-05 00:15:46,431] INFO [org.hibernate.dialect.Dialect: 175] HHH000400: Using dialect: org.hibernate.dialect.PostgreSQL10Dialect
[2023-04-05 00:15:47,063] INFO [org.hibernate.validator.internal.util.Version: 21] HV000001: Hibernate Validator 6.0.22.Final
[2023-04-05 00:15:48,874] INFO [org.hibernate.orm.connections.pooling: 550] HHH10001008: Cleaning up connection pool [jdbc:postgresql://localhost:5432/postgres]
[2023-04-05 00:25:29,923] INFO [org.hibernate.Version: 44] HHH000412: Hibernate ORM core version 5.6.15.Final
[2023-04-05 00:25:33,073] INFO [org.hibernate.annotations.common.Version: 56] HCANN000001: Hibernate Commons Annotations {5.1.2.Final}
[2023-04-05 00:25:33,682] WARN [org.hibernate.orm.connections.pooling: 75] HHH10001002: Using Hibernate built-in connection pool (not for production use!)
[2023-04-05 00:25:33,687] INFO [org.hibernate.orm.connections.pooling: 119] HHH10001005: using driver [org.postgresql.Driver] at URL [jdbc:postgresql://localhost:5432/postgres]
[2023-04-05 00:25:33,688] INFO [org.hibernate.orm.connections.pooling: 128] HHH10001001: Connection properties: {password=****, user=postgres}
[2023-04-05 00:25:33,688] INFO [org.hibernate.orm.connections.pooling: 132] HHH10001003: Autocommit mode: false
[2023-04-05 00:25:33,695] INFO [org.hibernate.engine.jdbc.connections.internal.DriverManagerConnectionProviderImpl: 322] HHH000115: Hibernate connection pool size: 20 (min=1)
[2023-04-05 00:25:34,798] INFO [org.hibernate.dialect.Dialect: 175] HHH000400: Using dialect: org.hibernate.dialect.PostgreSQL10Dialect
[2023-04-05 00:25:35,403] INFO [org.hibernate.validator.internal.util.Version: 21] HV000001: Hibernate Validator 6.0.22.Final
[2023-04-05 00:25:37,270] INFO [org.hibernate.orm.connections.pooling: 550] HHH10001008: Cleaning up connection pool [jdbc:postgresql://localhost:5432/postgres]
[2023-04-05 00:28:06,724] INFO [org.hibernate.Version: 44] HHH000412: Hibernate ORM core version 5.6.15.Final
[2023-04-05 00:28:07,840] INFO [org.hibernate.annotations.common.Version: 56] HCANN000001: Hibernate Commons Annotations {5.1.2.Final}
[2023-04-05 00:28:08,427] WARN [org.hibernate.orm.connections.pooling: 75] HHH10001002: Using Hibernate built-in connection pool (not for production use!)
[2023-04-05 00:28:08,436] INFO [org.hibernate.orm.connections.pooling: 119] HHH10001005: using driver [org.postgresql.Driver] at URL [jdbc:postgresql://localhost:5432/postgres]
[2023-04-05 00:28:08,436] INFO [org.hibernate.orm.connections.pooling: 128] HHH10001001: Connection properties: {password=****, user=postgres}
[2023-04-05 00:28:08,437] INFO [org.hibernate.orm.connections.pooling: 132] HHH10001003: Autocommit mode: false
[2023-04-05 00:28:08,447] INFO [org.hibernate.engine.jdbc.connections.internal.DriverManagerConnectionProviderImpl: 322] HHH000115: Hibernate connection pool size: 20 (min=1)
[2023-04-05 00:28:09,390] INFO [org.hibernate.dialect.Dialect: 175] HHH000400: Using dialect: org.hibernate.dialect.PostgreSQL10Dialect
[2023-04-05 00:28:11,577] INFO [org.hibernate.validator.internal.util.Version: 21] HV000001: Hibernate Validator 6.0.22.Final
[2023-04-05 00:28:14,309] INFO [org.hibernate.orm.connections.pooling: 550] HHH10001008: Cleaning up connection pool [jdbc:postgresql://localhost:5432/postgres]
[2023-04-05 00:28:47,627] INFO [org.hibernate.Version: 44] HHH000412: Hibernate ORM core version 5.6.15.Final
[2023-04-05 00:28:48,655] INFO [org.hibernate.annotations.common.Version: 56] HCANN000001: Hibernate Commons Annotations {5.1.2.Final}
[2023-04-05 00:28:49,126] WARN [org.hibernate.orm.connections.pooling: 75] HHH10001002: Using Hibernate built-in connection pool (not for production use!)
[2023-04-05 00:28:49,131] INFO [org.hibernate.orm.connections.pooling: 119] HHH10001005: using driver [org.postgresql.Driver] at URL [jdbc:postgresql://localhost:5432/postgres]
[2023-04-05 00:28:49,132] INFO [org.hibernate.orm.connections.pooling: 128] HHH10001001: Connection properties: {password=****, user=postgres}
[2023-04-05 00:28:49,132] INFO [org.hibernate.orm.connections.pooling: 132] HHH10001003: Autocommit mode: false
[2023-04-05 00:28:49,138] INFO [org.hibernate.engine.jdbc.connections.internal.DriverManagerConnectionProviderImpl: 322] HHH000115: Hibernate connection pool size: 20 (min=1)
[2023-04-05 00:28:50,018] INFO [org.hibernate.dialect.Dialect: 175] HHH000400: Using dialect: org.hibernate.dialect.PostgreSQL10Dialect
[2023-04-05 00:28:50,462] INFO [org.hibernate.validator.internal.util.Version: 21] HV000001: Hibernate Validator 6.0.22.Final
[2023-04-05 00:28:51,689] INFO [org.hibernate.orm.connections.pooling: 550] HHH10001008: Cleaning up connection pool [jdbc:postgresql://localhost:5432/postgres]
[2023-04-05 00:29:42,690] INFO [org.hibernate.Version: 44] HHH000412: Hibernate ORM core version 5.6.15.Final
[2023-04-05 00:29:43,571] INFO [org.hibernate.annotations.common.Version: 56] HCANN000001: Hibernate Commons Annotations {5.1.2.Final}
[2023-04-05 00:29:43,840] WARN [org.hibernate.orm.connections.pooling: 75] HHH10001002: Using Hibernate built-in connection pool (not for production use!)
[2023-04-05 00:29:43,846] INFO [org.hibernate.orm.connections.pooling: 119] HHH10001005: using driver [org.postgresql.Driver] at URL [jdbc:postgresql://localhost:5432/postgres]
[2023-04-05 00:29:43,846] INFO [org.hibernate.orm.connections.pooling: 128] HHH10001001: Connection properties: {password=****, user=postgres}
[2023-04-05 00:29:43,846] INFO [org.hibernate.orm.connections.pooling: 132] HHH10001003: Autocommit mode: false
[2023-04-05 00:29:43,852] INFO [org.hibernate.engine.jdbc.connections.internal.DriverManagerConnectionProviderImpl: 322] HHH000115: Hibernate connection pool size: 20 (min=1)
[2023-04-05 00:29:44,171] INFO [org.hibernate.dialect.Dialect: 175] HHH000400: Using dialect: org.hibernate.dialect.PostgreSQL10Dialect
[2023-04-05 00:29:44,582] INFO [org.hibernate.validator.internal.util.Version: 21] HV000001: Hibernate Validator 6.0.22.Final
[2023-04-05 00:29:45,780] INFO [org.hibernate.orm.connections.pooling: 550] HHH10001008: Cleaning up connection pool [jdbc:postgresql://localhost:5432/postgres]
[2023-04-05 00:30:14,981] INFO [org.hibernate.Version: 44] HHH000412: Hibernate ORM core version 5.6.15.Final
[2023-04-05 00:30:15,618] INFO [org.hibernate.annotations.common.Version: 56] HCANN000001: Hibernate Commons Annotations {5.1.2.Final}
[2023-04-05 00:30:15,873] WARN [org.hibernate.orm.connections.pooling: 75] HHH10001002: Using Hibernate built-in connection pool (not for production use!)
[2023-04-05 00:30:15,879] INFO [org.hibernate.orm.connections.pooling: 119] HHH10001005: using driver [org.postgresql.Driver] at URL [jdbc:postgresql://localhost:5432/postgres]
[2023-04-05 00:30:15,880] INFO [org.hibernate.orm.connections.pooling: 128] HHH10001001: Connection properties: {password=****, user=postgres}
[2023-04-05 00:30:15,880] INFO [org.hibernate.orm.connections.pooling: 132] HHH10001003: Autocommit mode: false
[2023-04-05 00:30:15,884] INFO [org.hibernate.engine.jdbc.connections.internal.DriverManagerConnectionProviderImpl: 322] HHH000115: Hibernate connection pool size: 20 (min=1)
[2023-04-05 00:30:16,328] INFO [org.hibernate.dialect.Dialect: 175] HHH000400: Using dialect: org.hibernate.dialect.PostgreSQL10Dialect
[2023-04-05 00:30:16,746] INFO [org.hibernate.validator.internal.util.Version: 21] HV000001: Hibernate Validator 6.0.22.Final
[2023-04-05 00:30:17,931] INFO [org.hibernate.orm.connections.pooling: 550] HHH10001008: Cleaning up connection pool [jdbc:postgresql://localhost:5432/postgres]
[2023-04-05 00:31:42,586] INFO [org.hibernate.Version: 44] HHH000412: Hibernate ORM core version 5.6.15.Final
[2023-04-05 00:31:44,001] INFO [org.hibernate.annotations.common.Version: 56] HCANN000001: Hibernate Commons Annotations {5.1.2.Final}
[2023-04-05 00:31:44,612] WARN [org.hibernate.orm.connections.pooling: 75] HHH10001002: Using Hibernate built-in connection pool (not for production use!)
[2023-04-05 00:31:44,621] INFO [org.hibernate.orm.connections.pooling: 119] HHH10001005: using driver [org.postgresql.Driver] at URL [jdbc:postgresql://localhost:5432/postgres]
[2023-04-05 00:31:44,622] INFO [org.hibernate.orm.connections.pooling: 128] HHH10001001: Connection properties: {password=****, user=postgres}
[2023-04-05 00:31:44,622] INFO [org.hibernate.orm.connections.pooling: 132] HHH10001003: Autocommit mode: false
[2023-04-05 00:31:44,630] INFO [org.hibernate.engine.jdbc.connections.internal.DriverManagerConnectionProviderImpl: 322] HHH000115: Hibernate connection pool size: 20 (min=1)
[2023-04-05 00:31:45,503] INFO [org.hibernate.dialect.Dialect: 175] HHH000400: Using dialect: org.hibernate.dialect.PostgreSQL10Dialect
[2023-04-05 00:31:46,188] INFO [org.hibernate.validator.internal.util.Version: 21] HV000001: Hibernate Validator 6.0.22.Final
[2023-04-05 00:31:48,180] INFO [org.hibernate.orm.connections.pooling: 550] HHH10001008: Cleaning up connection pool [jdbc:postgresql://localhost:5432/postgres]
[2023-04-05 00:32:18,341] INFO [org.hibernate.Version: 44] HHH000412: Hibernate ORM core version 5.6.15.Final
[2023-04-05 00:32:19,033] INFO [org.hibernate.annotations.common.Version: 56] HCANN000001: Hibernate Commons Annotations {5.1.2.Final}
[2023-04-05 00:32:19,348] WARN [org.hibernate.orm.connections.pooling: 75] HHH10001002: Using Hibernate built-in connection pool (not for production use!)
[2023-04-05 00:32:19,354] INFO [org.hibernate.orm.connections.pooling: 119] HHH10001005: using driver [org.postgresql.Driver] at URL [jdbc:postgresql://localhost:5432/postgres]
[2023-04-05 00:32:19,355] INFO [org.hibernate.orm.connections.pooling: 128] HHH10001001: Connection properties: {password=****, user=postgres}
[2023-04-05 00:32:19,356] INFO [org.hibernate.orm.connections.pooling: 132] HHH10001003: Autocommit mode: false
[2023-04-05 00:32:19,361] INFO [org.hibernate.engine.jdbc.connections.internal.DriverManagerConnectionProviderImpl: 322] HHH000115: Hibernate connection pool size: 20 (min=1)
[2023-04-05 00:32:19,701] INFO [org.hibernate.dialect.Dialect: 175] HHH000400: Using dialect: org.hibernate.dialect.PostgreSQL10Dialect
[2023-04-05 00:32:20,197] INFO [org.hibernate.validator.internal.util.Version: 21] HV000001: Hibernate Validator 6.0.22.Final
[2023-04-05 00:32:21,534] INFO [org.hibernate.orm.connections.pooling: 550] HHH10001008: Cleaning up connection pool [jdbc:postgresql://localhost:5432/postgres]
[2023-04-05 00:46:52,530] INFO [org.hibernate.Version: 44] HHH000412: Hibernate ORM core version 5.6.15.Final
[2023-04-05 00:46:53,379] INFO [org.hibernate.annotations.common.Version: 56] HCANN000001: Hibernate Commons Annotations {5.1.2.Final}
[2023-04-05 00:46:53,678] WARN [org.hibernate.orm.connections.pooling: 75] HHH10001002: Using Hibernate built-in connection pool (not for production use!)
[2023-04-05 00:46:53,684] INFO [org.hibernate.orm.connections.pooling: 119] HHH10001005: using driver [org.postgresql.Driver] at URL [jdbc:postgresql://localhost:5432/postgres]
[2023-04-05 00:46:53,684] INFO [org.hibernate.orm.connections.pooling: 128] HHH10001001: Connection properties: {password=****, user=postgres}
[2023-04-05 00:46:53,685] INFO [org.hibernate.orm.connections.pooling: 132] HHH10001003: Autocommit mode: false
[2023-04-05 00:46:53,692] INFO [org.hibernate.engine.jdbc.connections.internal.DriverManagerConnectionProviderImpl: 322] HHH000115: Hibernate connection pool size: 20 (min=1)
[2023-04-05 00:46:54,257] INFO [org.hibernate.dialect.Dialect: 175] HHH000400: Using dialect: org.hibernate.dialect.PostgreSQL10Dialect
[2023-04-05 00:46:54,682] INFO [org.hibernate.validator.internal.util.Version: 21] HV000001: Hibernate Validator 6.0.22.Final
[2023-04-05 00:46:56,463] INFO [org.hibernate.orm.connections.pooling: 550] HHH10001008: Cleaning up connection pool [jdbc:postgresql://localhost:5432/postgres]
[2023-04-05 00:47:22,863] INFO [org.hibernate.Version: 44] HHH000412: Hibernate ORM core version 5.6.15.Final
[2023-04-05 00:47:23,571] INFO [org.hibernate.annotations.common.Version: 56] HCANN000001: Hibernate Commons Annotations {5.1.2.Final}
[2023-04-05 00:47:23,871] WARN [org.hibernate.orm.connections.pooling: 75] HHH10001002: Using Hibernate built-in connection pool (not for production use!)
[2023-04-05 00:47:23,878] INFO [org.hibernate.orm.connections.pooling: 119] HHH10001005: using driver [org.postgresql.Driver] at URL [jdbc:postgresql://localhost:5432/postgres]
[2023-04-05 00:47:23,879] INFO [org.hibernate.orm.connections.pooling: 128] HHH10001001: Connection properties: {password=****, user=postgres}
[2023-04-05 00:47:23,880] INFO [org.hibernate.orm.connections.pooling: 132] HHH10001003: Autocommit mode: false
[2023-04-05 00:47:23,887] INFO [org.hibernate.engine.jdbc.connections.internal.DriverManagerConnectionProviderImpl: 322] HHH000115: Hibernate connection pool size: 20 (min=1)
[2023-04-05 00:47:24,208] INFO [org.hibernate.dialect.Dialect: 175] HHH000400: Using dialect: org.hibernate.dialect.PostgreSQL10Dialect
[2023-04-05 00:47:24,633] INFO [org.hibernate.validator.internal.util.Version: 21] HV000001: Hibernate Validator 6.0.22.Final
[2023-04-05 00:47:25,966] INFO [org.hibernate.orm.connections.pooling: 550] HHH10001008: Cleaning up connection pool [jdbc:postgresql://localhost:5432/postgres]
[2023-04-05 00:55:40,988] INFO [org.hibernate.Version: 44] HHH000412: Hibernate ORM core version 5.6.15.Final
[2023-04-05 00:55:41,821] INFO [org.hibernate.annotations.common.Version: 56] HCANN000001: Hibernate Commons Annotations {5.1.2.Final}
[2023-04-05 00:55:42,016] WARN [org.hibernate.orm.connections.pooling: 75] HHH10001002: Using Hibernate built-in connection pool (not for production use!)
[2023-04-05 00:55:42,020] INFO [org.hibernate.orm.connections.pooling: 119] HHH10001005: using driver [org.h2.Driver] at URL [jdbc:h2:mem:clevertec]
[2023-04-05 00:55:42,021] INFO [org.hibernate.orm.connections.pooling: 128] HHH10001001: Connection properties: {password=****, user=}
[2023-04-05 00:55:42,022] INFO [org.hibernate.orm.connections.pooling: 132] HHH10001003: Autocommit mode: false
[2023-04-05 00:55:42,027] INFO [org.hibernate.engine.jdbc.connections.internal.DriverManagerConnectionProviderImpl: 322] HHH000115: Hibernate connection pool size: 20 (min=1)
[2023-04-05 00:55:42,346] INFO [org.hibernate.dialect.Dialect: 175] HHH000400: Using dialect: org.hibernate.dialect.H2Dialect
[2023-04-05 00:55:42,984] INFO [org.hibernate.validator.internal.util.Version: 21] HV000001: Hibernate Validator 6.0.22.Final
[2023-04-05 00:55:43,871] INFO [org.hibernate.orm.connections.access: 48] HHH10001501: Connection obtained from JdbcConnectionAccess [org.hibernate.engine.jdbc.env.internal.JdbcEnvironmentInitiator$ConnectionProviderJdbcConnectionAccess@49b89425] for (non-JTA) DDL execution was not in auto-commit mode; the Connection 'local transaction' will be committed and the Connection will be set into auto-commit mode.
[2023-04-05 00:55:43,882] INFO [org.hibernate.orm.connections.access: 48] HHH10001501: Connection obtained from JdbcConnectionAccess [org.hibernate.engine.jdbc.env.internal.JdbcEnvironmentInitiator$ConnectionProviderJdbcConnectionAccess@167a21b] for (non-JTA) DDL execution was not in auto-commit mode; the Connection 'local transaction' will be committed and the Connection will be set into auto-commit mode.
[2023-04-05 00:55:44,324] INFO [org.hibernate.orm.connections.pooling: 550] HHH10001008: Cleaning up connection pool [jdbc:h2:mem:clevertec]
[2023-04-05 00:57:30,017] INFO [org.hibernate.Version: 44] HHH000412: Hibernate ORM core version 5.6.15.Final
[2023-04-05 00:57:30,739] INFO [org.hibernate.annotations.common.Version: 56] HCANN000001: Hibernate Commons Annotations {5.1.2.Final}
[2023-04-05 00:57:30,918] WARN [org.hibernate.orm.connections.pooling: 75] HHH10001002: Using Hibernate built-in connection pool (not for production use!)
[2023-04-05 00:57:30,922] INFO [org.hibernate.orm.connections.pooling: 119] HHH10001005: using driver [org.h2.Driver] at URL [jdbc:h2:mem:clevertec]
[2023-04-05 00:57:30,923] INFO [org.hibernate.orm.connections.pooling: 128] HHH10001001: Connection properties: {password=****, user=}
[2023-04-05 00:57:30,923] INFO [org.hibernate.orm.connections.pooling: 132] HHH10001003: Autocommit mode: false
[2023-04-05 00:57:30,929] INFO [org.hibernate.engine.jdbc.connections.internal.DriverManagerConnectionProviderImpl: 322] HHH000115: Hibernate connection pool size: 20 (min=1)
[2023-04-05 00:57:31,159] INFO [org.hibernate.dialect.Dialect: 175] HHH000400: Using dialect: org.hibernate.dialect.H2Dialect
[2023-04-05 00:57:31,780] INFO [org.hibernate.validator.internal.util.Version: 21] HV000001: Hibernate Validator 6.0.22.Final
[2023-04-05 00:57:32,666] INFO [org.hibernate.orm.connections.access: 48] HHH10001501: Connection obtained from JdbcConnectionAccess [org.hibernate.engine.jdbc.env.internal.JdbcEnvironmentInitiator$ConnectionProviderJdbcConnectionAccess@49b89425] for (non-JTA) DDL execution was not in auto-commit mode; the Connection 'local transaction' will be committed and the Connection will be set into auto-commit mode.
[2023-04-05 00:57:32,675] INFO [org.hibernate.orm.connections.access: 48] HHH10001501: Connection obtained from JdbcConnectionAccess [org.hibernate.engine.jdbc.env.internal.JdbcEnvironmentInitiator$ConnectionProviderJdbcConnectionAccess@167a21b] for (non-JTA) DDL execution was not in auto-commit mode; the Connection 'local transaction' will be committed and the Connection will be set into auto-commit mode.
[2023-04-05 00:57:33,013] INFO [org.hibernate.orm.connections.pooling: 550] HHH10001008: Cleaning up connection pool [jdbc:h2:mem:clevertec]
[2023-04-08 12:48:31,205] INFO [org.hibernate.Version: 44] HHH000412: Hibernate ORM core version 5.6.15.Final
[2023-04-08 12:48:32,275] INFO [org.hibernate.annotations.common.Version: 56] HCANN000001: Hibernate Commons Annotations {5.1.2.Final}
[2023-04-08 12:48:32,635] WARN [org.hibernate.orm.connections.pooling: 75] HHH10001002: Using Hibernate built-in connection pool (not for production use!)
[2023-04-08 12:48:32,642] INFO [org.hibernate.orm.connections.pooling: 119] HHH10001005: using driver [org.postgresql.Driver] at URL [jdbc:postgresql://localhost:5432/postgres]
[2023-04-08 12:48:32,643] INFO [org.hibernate.orm.connections.pooling: 128] HHH10001001: Connection properties: {password=****, user=postgres}
[2023-04-08 12:48:32,643] INFO [org.hibernate.orm.connections.pooling: 132] HHH10001003: Autocommit mode: false
[2023-04-08 12:48:32,648] INFO [org.hibernate.engine.jdbc.connections.internal.DriverManagerConnectionProviderImpl: 322] HHH000115: Hibernate connection pool size: 20 (min=1)
[2023-04-08 12:48:33,555] INFO [org.hibernate.dialect.Dialect: 175] HHH000400: Using dialect: org.hibernate.dialect.PostgreSQL10Dialect
[2023-04-08 12:48:34,217] INFO [org.hibernate.validator.internal.util.Version: 21] HV000001: Hibernate Validator 6.0.22.Final
[2023-04-08 12:48:36,582] INFO [org.hibernate.orm.connections.pooling: 550] HHH10001008: Cleaning up connection pool [jdbc:postgresql://localhost:5432/postgres]
[2023-04-08 13:21:05,583] INFO [org.hibernate.Version: 44] HHH000412: Hibernate ORM core version 5.6.15.Final
[2023-04-08 13:21:06,838] INFO [org.hibernate.annotations.common.Version: 56] HCANN000001: Hibernate Commons Annotations {5.1.2.Final}
[2023-04-08 13:21:07,437] WARN [org.hibernate.orm.connections.pooling: 75] HHH10001002: Using Hibernate built-in connection pool (not for production use!)
[2023-04-08 13:21:07,445] INFO [org.hibernate.orm.connections.pooling: 119] HHH10001005: using driver [org.postgresql.Driver] at URL [jdbc:postgresql://localhost:5432/postgres]
[2023-04-08 13:21:07,446] INFO [org.hibernate.orm.connections.pooling: 128] HHH10001001: Connection properties: {password=****, user=postgres}
[2023-04-08 13:21:07,446] INFO [org.hibernate.orm.connections.pooling: 132] HHH10001003: Autocommit mode: false
[2023-04-08 13:21:07,472] INFO [org.hibernate.engine.jdbc.connections.internal.DriverManagerConnectionProviderImpl: 322] HHH000115: Hibernate connection pool size: 20 (min=1)
[2023-04-08 13:21:08,986] INFO [org.hibernate.dialect.Dialect: 175] HHH000400: Using dialect: org.hibernate.dialect.PostgreSQL10Dialect
[2023-04-08 13:21:09,771] INFO [org.hibernate.validator.internal.util.Version: 21] HV000001: Hibernate Validator 6.0.22.Final
[2023-04-08 13:21:11,857] INFO [org.hibernate.orm.connections.pooling: 550] HHH10001008: Cleaning up connection pool [jdbc:postgresql://localhost:5432/postgres]
[2023-04-08 13:21:22,645] INFO [org.hibernate.Version: 44] HHH000412: Hibernate ORM core version 5.6.15.Final
[2023-04-08 13:21:23,304] INFO [org.hibernate.annotations.common.Version: 56] HCANN000001: Hibernate Commons Annotations {5.1.2.Final}
[2023-04-08 13:21:23,592] WARN [org.hibernate.orm.connections.pooling: 75] HHH10001002: Using Hibernate built-in connection pool (not for production use!)
[2023-04-08 13:21:23,598] INFO [org.hibernate.orm.connections.pooling: 119] HHH10001005: using driver [org.postgresql.Driver] at URL [jdbc:postgresql://localhost:5432/postgres]
[2023-04-08 13:21:23,599] INFO [org.hibernate.orm.connections.pooling: 128] HHH10001001: Connection properties: {password=****, user=postgres}
[2023-04-08 13:21:23,600] INFO [org.hibernate.orm.connections.pooling: 132] HHH10001003: Autocommit mode: false
[2023-04-08 13:21:23,606] INFO [org.hibernate.engine.jdbc.connections.internal.DriverManagerConnectionProviderImpl: 322] HHH000115: Hibernate connection pool size: 20 (min=1)
[2023-04-08 13:21:24,098] INFO [org.hibernate.dialect.Dialect: 175] HHH000400: Using dialect: org.hibernate.dialect.PostgreSQL10Dialect
[2023-04-08 13:21:24,553] INFO [org.hibernate.validator.internal.util.Version: 21] HV000001: Hibernate Validator 6.0.22.Final
[2023-04-08 13:21:26,018] INFO [org.hibernate.orm.connections.pooling: 550] HHH10001008: Cleaning up connection pool [jdbc:postgresql://localhost:5432/postgres]
[2023-04-08 13:21:45,203] INFO [org.hibernate.Version: 44] HHH000412: Hibernate ORM core version 5.6.15.Final
[2023-04-08 13:21:45,865] INFO [org.hibernate.annotations.common.Version: 56] HCANN000001: Hibernate Commons Annotations {5.1.2.Final}
[2023-04-08 13:21:46,148] WARN [org.hibernate.orm.connections.pooling: 75] HHH10001002: Using Hibernate built-in connection pool (not for production use!)
[2023-04-08 13:21:46,154] INFO [org.hibernate.orm.connections.pooling: 119] HHH10001005: using driver [org.postgresql.Driver] at URL [jdbc:postgresql://localhost:5432/postgres]
[2023-04-08 13:21:46,155] INFO [org.hibernate.orm.connections.pooling: 128] HHH10001001: Connection properties: {password=****, user=postgres}
[2023-04-08 13:21:46,155] INFO [org.hibernate.orm.connections.pooling: 132] HHH10001003: Autocommit mode: false
[2023-04-08 13:21:46,161] INFO [org.hibernate.engine.jdbc.connections.internal.DriverManagerConnectionProviderImpl: 322] HHH000115: Hibernate connection pool size: 20 (min=1)
[2023-04-08 13:21:46,454] INFO [org.hibernate.dialect.Dialect: 175] HHH000400: Using dialect: org.hibernate.dialect.PostgreSQL10Dialect
[2023-04-08 13:21:46,877] INFO [org.hibernate.validator.internal.util.Version: 21] HV000001: Hibernate Validator 6.0.22.Final
[2023-04-08 13:22:49,832] INFO [org.hibernate.orm.connections.pooling: 550] HHH10001008: Cleaning up connection pool [jdbc:postgresql://localhost:5432/postgres]
[2023-04-08 13:23:36,829] INFO [org.hibernate.Version: 44] HHH000412: Hibernate ORM core version 5.6.15.Final
[2023-04-08 13:23:37,540] INFO [org.hibernate.annotations.common.Version: 56] HCANN000001: Hibernate Commons Annotations {5.1.2.Final}
[2023-04-08 13:23:37,831] WARN [org.hibernate.orm.connections.pooling: 75] HHH10001002: Using Hibernate built-in connection pool (not for production use!)
[2023-04-08 13:23:37,837] INFO [org.hibernate.orm.connections.pooling: 119] HHH10001005: using driver [org.postgresql.Driver] at URL [jdbc:postgresql://localhost:5432/postgres]
[2023-04-08 13:23:37,838] INFO [org.hibernate.orm.connections.pooling: 128] HHH10001001: Connection properties: {password=****, user=postgres}
[2023-04-08 13:23:37,838] INFO [org.hibernate.orm.connections.pooling: 132] HHH10001003: Autocommit mode: false
[2023-04-08 13:23:37,846] INFO [org.hibernate.engine.jdbc.connections.internal.DriverManagerConnectionProviderImpl: 322] HHH000115: Hibernate connection pool size: 20 (min=1)
[2023-04-08 13:23:38,196] INFO [org.hibernate.dialect.Dialect: 175] HHH000400: Using dialect: org.hibernate.dialect.PostgreSQL10Dialect
[2023-04-08 13:23:38,638] INFO [org.hibernate.validator.internal.util.Version: 21] HV000001: Hibernate Validator 6.0.22.Final
[2023-04-08 13:23:39,931] INFO [org.hibernate.orm.connections.pooling: 550] HHH10001008: Cleaning up connection pool [jdbc:postgresql://localhost:5432/postgres]
